[__main__] [2024-09-01 12:43:01,748] [ERROR] > No rating
Traceback (most recent call last):
  File "D:\myPy\xboxshop\myparser\main.py", line 79, in get_rating
    rating = int(driver.find_element(By.CLASS_NAME, 'Rating-module__totalRatings___i594Q').get_attribute('innerHTML'))
                 ^^^^^^^^^^^^^^^^^^^^^^^^^^^^^^^^^^^^^^^^^^^^^^^^^^^^^^^^^^^^^^^^^^^^^^^^^
  File "D:\myPy\gpt\venv\Lib\site-packages\selenium\webdriver\remote\webdriver.py", line 748, in find_element
    return self.execute(Command.FIND_ELEMENT, {"using": by, "value": value})["value"]
           ^^^^^^^^^^^^^^^^^^^^^^^^^^^^^^^^^^^^^^^^^^^^^^^^^^^^^^^^^^^^^^^^^
  File "D:\myPy\gpt\venv\Lib\site-packages\selenium\webdriver\remote\webdriver.py", line 354, in execute
    self.error_handler.check_response(response)
  File "D:\myPy\gpt\venv\Lib\site-packages\selenium\webdriver\remote\errorhandler.py", line 229, in check_response
    raise exception_class(message, screen, stacktrace)
selenium.common.exceptions.NoSuchElementException: Message: no such element: Unable to locate element: {"method":"css selector","selector":".Rating-module__totalRatings___i594Q"}
  (Session info: chrome=128.0.6613.86); For documentation on this error, please visit: https://www.selenium.dev/documentation/webdriver/troubleshooting/errors#no-such-element-exception
Stacktrace:
	GetHandleVerifier [0x00007FF72098B632+29090]
	(No symbol) [0x00007FF7208FE6E9]
	(No symbol) [0x00007FF7207BB1CA]
	(No symbol) [0x00007FF72080EFD7]
	(No symbol) [0x00007FF72080F22C]
	(No symbol) [0x00007FF7208597F7]
	(No symbol) [0x00007FF72083672F]
	(No symbol) [0x00007FF7208565D9]
	(No symbol) [0x00007FF720836493]
	(No symbol) [0x00007FF7208009B1]
	(No symbol) [0x00007FF720801B11]
	GetHandleVerifier [0x00007FF720CA883D+3294125]
	GetHandleVerifier [0x00007FF720CF4423+3604371]
	GetHandleVerifier [0x00007FF720CEA2E7+3563095]
	GetHandleVerifier [0x00007FF720A46F16+797318]
	(No symbol) [0x00007FF72090986F]
	(No symbol) [0x00007FF720905454]
	(No symbol) [0x00007FF7209055E0]
	(No symbol) [0x00007FF7208F4A7F]
	BaseThreadInitThunk [0x00007FFA32A6257D+29]
	RtlUserThreadStart [0x00007FFA3340AF28+40]

[__main__] [2024-09-01 12:43:48,017] [ERROR] > No rating
Traceback (most recent call last):
  File "D:\myPy\xboxshop\myparser\main.py", line 79, in get_rating
    rating = int(driver.find_element(By.CLASS_NAME, 'Rating-module__totalRatings___i594Q').get_attribute('innerHTML'))
                 ^^^^^^^^^^^^^^^^^^^^^^^^^^^^^^^^^^^^^^^^^^^^^^^^^^^^^^^^^^^^^^^^^^^^^^^^^
  File "D:\myPy\gpt\venv\Lib\site-packages\selenium\webdriver\remote\webdriver.py", line 748, in find_element
    return self.execute(Command.FIND_ELEMENT, {"using": by, "value": value})["value"]
           ^^^^^^^^^^^^^^^^^^^^^^^^^^^^^^^^^^^^^^^^^^^^^^^^^^^^^^^^^^^^^^^^^
  File "D:\myPy\gpt\venv\Lib\site-packages\selenium\webdriver\remote\webdriver.py", line 354, in execute
    self.error_handler.check_response(response)
  File "D:\myPy\gpt\venv\Lib\site-packages\selenium\webdriver\remote\errorhandler.py", line 229, in check_response
    raise exception_class(message, screen, stacktrace)
selenium.common.exceptions.NoSuchElementException: Message: no such element: Unable to locate element: {"method":"css selector","selector":".Rating-module__totalRatings___i594Q"}
  (Session info: chrome=128.0.6613.86); For documentation on this error, please visit: https://www.selenium.dev/documentation/webdriver/troubleshooting/errors#no-such-element-exception
Stacktrace:
	GetHandleVerifier [0x00007FF72098B632+29090]
	(No symbol) [0x00007FF7208FE6E9]
	(No symbol) [0x00007FF7207BB1CA]
	(No symbol) [0x00007FF72080EFD7]
	(No symbol) [0x00007FF72080F22C]
	(No symbol) [0x00007FF7208597F7]
	(No symbol) [0x00007FF72083672F]
	(No symbol) [0x00007FF7208565D9]
	(No symbol) [0x00007FF720836493]
	(No symbol) [0x00007FF7208009B1]
	(No symbol) [0x00007FF720801B11]
	GetHandleVerifier [0x00007FF720CA883D+3294125]
	GetHandleVerifier [0x00007FF720CF4423+3604371]
	GetHandleVerifier [0x00007FF720CEA2E7+3563095]
	GetHandleVerifier [0x00007FF720A46F16+797318]
	(No symbol) [0x00007FF72090986F]
	(No symbol) [0x00007FF720905454]
	(No symbol) [0x00007FF7209055E0]
	(No symbol) [0x00007FF7208F4A7F]
	BaseThreadInitThunk [0x00007FFA32A6257D+29]
	RtlUserThreadStart [0x00007FFA3340AF28+40]

-------------------------------------------------------------
[__main__] [2024-09-01 12:45:10,763] [ERROR] > No rating
Traceback (most recent call last):
  File "D:\myPy\xboxshop\myparser\main.py", line 80, in get_rating
    rating = int(driver.find_element(By.CLASS_NAME, 'Rating-module__totalRatings___i594Q').get_attribute('innerHTML'))
                 ^^^^^^^^^^^^^^^^^^^^^^^^^^^^^^^^^^^^^^^^^^^^^^^^^^^^^^^^^^^^^^^^^^^^^^^^^
  File "D:\myPy\gpt\venv\Lib\site-packages\selenium\webdriver\remote\webdriver.py", line 748, in find_element
    return self.execute(Command.FIND_ELEMENT, {"using": by, "value": value})["value"]
           ^^^^^^^^^^^^^^^^^^^^^^^^^^^^^^^^^^^^^^^^^^^^^^^^^^^^^^^^^^^^^^^^^
  File "D:\myPy\gpt\venv\Lib\site-packages\selenium\webdriver\remote\webdriver.py", line 354, in execute
    self.error_handler.check_response(response)
  File "D:\myPy\gpt\venv\Lib\site-packages\selenium\webdriver\remote\errorhandler.py", line 229, in check_response
    raise exception_class(message, screen, stacktrace)
selenium.common.exceptions.NoSuchElementException: Message: no such element: Unable to locate element: {"method":"css selector","selector":".Rating-module__totalRatings___i594Q"}
  (Session info: chrome=128.0.6613.86); For documentation on this error, please visit: https://www.selenium.dev/documentation/webdriver/troubleshooting/errors#no-such-element-exception
Stacktrace:
	GetHandleVerifier [0x00007FF72098B632+29090]
	(No symbol) [0x00007FF7208FE6E9]
	(No symbol) [0x00007FF7207BB1CA]
	(No symbol) [0x00007FF72080EFD7]
	(No symbol) [0x00007FF72080F22C]
	(No symbol) [0x00007FF7208597F7]
	(No symbol) [0x00007FF72083672F]
	(No symbol) [0x00007FF7208565D9]
	(No symbol) [0x00007FF720836493]
	(No symbol) [0x00007FF7208009B1]
	(No symbol) [0x00007FF720801B11]
	GetHandleVerifier [0x00007FF720CA883D+3294125]
	GetHandleVerifier [0x00007FF720CF4423+3604371]
	GetHandleVerifier [0x00007FF720CEA2E7+3563095]
	GetHandleVerifier [0x00007FF720A46F16+797318]
	(No symbol) [0x00007FF72090986F]
	(No symbol) [0x00007FF720905454]
	(No symbol) [0x00007FF7209055E0]
	(No symbol) [0x00007FF7208F4A7F]
	BaseThreadInitThunk [0x00007FFA32A6257D+29]
	RtlUserThreadStart [0x00007FFA3340AF28+40]

-------------------------------------------------------------
[__main__] [2024-09-01 12:46:04,275] [INFO] > Rating is received
-------------------------------------------------------------
[__main__] [2024-09-01 12:55:48,728] [ERROR] > No rating e=NoSuchElementException(), type(e)=<class 'selenium.common.exceptions.NoSuchElementException'>
Traceback (most recent call last):
  File "D:\myPy\xboxshop\myparser\main.py", line 86, in get_rating
    rating = int(driver.find_element(By.CLASS_NAME, 'Rating-module__totalRatings___i594Q').get_attribute('innerHTML'))
                 ^^^^^^^^^^^^^^^^^^^^^^^^^^^^^^^^^^^^^^^^^^^^^^^^^^^^^^^^^^^^^^^^^^^^^^^^^
  File "D:\myPy\gpt\venv\Lib\site-packages\selenium\webdriver\remote\webdriver.py", line 748, in find_element
    return self.execute(Command.FIND_ELEMENT, {"using": by, "value": value})["value"]
           ^^^^^^^^^^^^^^^^^^^^^^^^^^^^^^^^^^^^^^^^^^^^^^^^^^^^^^^^^^^^^^^^^
  File "D:\myPy\gpt\venv\Lib\site-packages\selenium\webdriver\remote\webdriver.py", line 354, in execute
    self.error_handler.check_response(response)
  File "D:\myPy\gpt\venv\Lib\site-packages\selenium\webdriver\remote\errorhandler.py", line 229, in check_response
    raise exception_class(message, screen, stacktrace)
selenium.common.exceptions.NoSuchElementException: Message: no such element: Unable to locate element: {"method":"css selector","selector":".Rating-module__totalRatings___i594Q"}
  (Session info: chrome=128.0.6613.86); For documentation on this error, please visit: https://www.selenium.dev/documentation/webdriver/troubleshooting/errors#no-such-element-exception
Stacktrace:
	GetHandleVerifier [0x00007FF72098B632+29090]
	(No symbol) [0x00007FF7208FE6E9]
	(No symbol) [0x00007FF7207BB1CA]
	(No symbol) [0x00007FF72080EFD7]
	(No symbol) [0x00007FF72080F22C]
	(No symbol) [0x00007FF7208597F7]
	(No symbol) [0x00007FF72083672F]
	(No symbol) [0x00007FF7208565D9]
	(No symbol) [0x00007FF720836493]
	(No symbol) [0x00007FF7208009B1]
	(No symbol) [0x00007FF720801B11]
	GetHandleVerifier [0x00007FF720CA883D+3294125]
	GetHandleVerifier [0x00007FF720CF4423+3604371]
	GetHandleVerifier [0x00007FF720CEA2E7+3563095]
	GetHandleVerifier [0x00007FF720A46F16+797318]
	(No symbol) [0x00007FF72090986F]
	(No symbol) [0x00007FF720905454]
	(No symbol) [0x00007FF7209055E0]
	(No symbol) [0x00007FF7208F4A7F]
	BaseThreadInitThunk [0x00007FFA32A6257D+29]
	RtlUserThreadStart [0x00007FFA3340AF28+40]

-------------------------------------------------------------
[__main__] [2024-09-01 13:01:30,693] [ERROR] > No rating Message: no such element: Unable to locate element: {"method":"css selector","selector":".Rating-module__totalRatings___i594Q"}
  (Session info: chrome=128.0.6613.86); For documentation on this error, please visit: https://www.selenium.dev/documentation/webdriver/troubleshooting/errors#no-such-element-exception
Stacktrace:
	GetHandleVerifier [0x00007FF72098B632+29090]
	(No symbol) [0x00007FF7208FE6E9]
	(No symbol) [0x00007FF7207BB1CA]
	(No symbol) [0x00007FF72080EFD7]
	(No symbol) [0x00007FF72080F22C]
	(No symbol) [0x00007FF7208597F7]
	(No symbol) [0x00007FF72083672F]
	(No symbol) [0x00007FF7208565D9]
	(No symbol) [0x00007FF720836493]
	(No symbol) [0x00007FF7208009B1]
	(No symbol) [0x00007FF720801B11]
	GetHandleVerifier [0x00007FF720CA883D+3294125]
	GetHandleVerifier [0x00007FF720CF4423+3604371]
	GetHandleVerifier [0x00007FF720CEA2E7+3563095]
	GetHandleVerifier [0x00007FF720A46F16+797318]
	(No symbol) [0x00007FF72090986F]
	(No symbol) [0x00007FF720905454]
	(No symbol) [0x00007FF7209055E0]
	(No symbol) [0x00007FF7208F4A7F]
	BaseThreadInitThunk [0x00007FFA32A6257D+29]
	RtlUserThreadStart [0x00007FFA3340AF28+40]
Traceback (most recent call last):
  File "D:\myPy\xboxshop\myparser\main.py", line 86, in get_rating
    rating = int(driver.find_element(By.CLASS_NAME, 'Rating-module__totalRatings___i594Q').get_attribute('innerHTML'))
                 ^^^^^^^^^^^^^^^^^^^^^^^^^^^^^^^^^^^^^^^^^^^^^^^^^^^^^^^^^^^^^^^^^^^^^^^^^
  File "D:\myPy\gpt\venv\Lib\site-packages\selenium\webdriver\remote\webdriver.py", line 748, in find_element
    return self.execute(Command.FIND_ELEMENT, {"using": by, "value": value})["value"]
           ^^^^^^^^^^^^^^^^^^^^^^^^^^^^^^^^^^^^^^^^^^^^^^^^^^^^^^^^^^^^^^^^^
  File "D:\myPy\gpt\venv\Lib\site-packages\selenium\webdriver\remote\webdriver.py", line 354, in execute
    self.error_handler.check_response(response)
  File "D:\myPy\gpt\venv\Lib\site-packages\selenium\webdriver\remote\errorhandler.py", line 229, in check_response
    raise exception_class(message, screen, stacktrace)
selenium.common.exceptions.NoSuchElementException: Message: no such element: Unable to locate element: {"method":"css selector","selector":".Rating-module__totalRatings___i594Q"}
  (Session info: chrome=128.0.6613.86); For documentation on this error, please visit: https://www.selenium.dev/documentation/webdriver/troubleshooting/errors#no-such-element-exception
Stacktrace:
	GetHandleVerifier [0x00007FF72098B632+29090]
	(No symbol) [0x00007FF7208FE6E9]
	(No symbol) [0x00007FF7207BB1CA]
	(No symbol) [0x00007FF72080EFD7]
	(No symbol) [0x00007FF72080F22C]
	(No symbol) [0x00007FF7208597F7]
	(No symbol) [0x00007FF72083672F]
	(No symbol) [0x00007FF7208565D9]
	(No symbol) [0x00007FF720836493]
	(No symbol) [0x00007FF7208009B1]
	(No symbol) [0x00007FF720801B11]
	GetHandleVerifier [0x00007FF720CA883D+3294125]
	GetHandleVerifier [0x00007FF720CF4423+3604371]
	GetHandleVerifier [0x00007FF720CEA2E7+3563095]
	GetHandleVerifier [0x00007FF720A46F16+797318]
	(No symbol) [0x00007FF72090986F]
	(No symbol) [0x00007FF720905454]
	(No symbol) [0x00007FF7209055E0]
	(No symbol) [0x00007FF7208F4A7F]
	BaseThreadInitThunk [0x00007FFA32A6257D+29]
	RtlUserThreadStart [0x00007FFA3340AF28+40]

-------------------------------------------------------------        
[__main__] [2024-09-02 12:01:10,784] [INFO] > Hi
-------------------------------------------------------------        
[__main__] [2024-09-02 12:07:31,868] [INFO] > Hi
-------------------------------------------------------------        
[__main__] [2024-09-02 14:46:53,157] [ERROR] > Error into get_time_sale()
